0 info it worked if it ends with ok
1 verbose cli [ '/usr/local/bin/node', '/usr/local/bin/npm', 'adduser' ]
2 info using npm@2.15.9
3 info using node@v4.5.0
4 verbose adduser before first PUT { _id: 'org.couchdb.user:kmend',
4 verbose adduser   name: 'kmend',
4 verbose adduser   password: 'XXXXX',
4 verbose adduser   email: 'chen.qiao@foxmail.com',
4 verbose adduser   type: 'user',
4 verbose adduser   roles: [],
4 verbose adduser   date: '2016-10-17T08:31:45.080Z' }
5 verbose request uri http://registry.cnpmjs.org/-/user/org.couchdb.user:kmend
6 verbose request new user, so can't send auth
7 info attempt registry request try #1 at 16:31:45
8 verbose request id 3ef3d66ba75222bd
9 http request PUT http://registry.cnpmjs.org/-/user/org.couchdb.user:kmend
10 http 409 http://registry.cnpmjs.org/-/user/org.couchdb.user:kmend
11 verbose headers { server: 'nginx/1.4.6 (Ubuntu)',
11 verbose headers   date: 'Mon, 17 Oct 2016 08:31:45 GMT',
11 verbose headers   'content-type': 'application/json; charset=utf-8',
11 verbose headers   'content-length': '58',
11 verbose headers   connection: 'keep-alive',
11 verbose headers   'x-current-requests': '1',
11 verbose headers   'x-readtime': '5' }
12 verbose request invalidating /Users/chenqiao/.npm/registry.cnpmjs.org/-/user/org.couchdb.user_3Akmend on PUT
13 verbose adduser update existing user
14 verbose request uri http://registry.cnpmjs.org/-/user/org.couchdb.user:kmend?write=true
15 verbose request no auth needed
16 info attempt registry request try #1 at 16:31:45
17 http request GET http://registry.cnpmjs.org/-/user/org.couchdb.user:kmend?write=true
18 http 200 http://registry.cnpmjs.org/-/user/org.couchdb.user:kmend?write=true
19 verbose headers { server: 'nginx/1.4.6 (Ubuntu)',
19 verbose headers   date: 'Mon, 17 Oct 2016 08:31:46 GMT',
19 verbose headers   'content-type': 'application/json; charset=utf-8',
19 verbose headers   'transfer-encoding': 'chunked',
19 verbose headers   connection: 'keep-alive',
19 verbose headers   'x-current-requests': '1',
19 verbose headers   'x-readtime': '28',
19 verbose headers   'strict-transport-security': 'max-age=15768000',
19 verbose headers   'content-encoding': 'gzip' }
20 verbose adduser userobj { _id: 'org.couchdb.user:kmend',
20 verbose adduser   name: 'kmend',
20 verbose adduser   password: 'XXXXX',
20 verbose adduser   email: 'chen.qiao@foxmail.com',
20 verbose adduser   type: 'user',
20 verbose adduser   roles: [],
20 verbose adduser   date: '2016-10-17T08:31:45.080Z' }
21 verbose request uri http://registry.cnpmjs.org/-/user/org.couchdb.user:kmend/-rev/undefined
22 verbose request updating existing user; sending authorization
23 info attempt registry request try #1 at 16:31:46
24 http request PUT http://registry.cnpmjs.org/-/user/org.couchdb.user:kmend/-rev/undefined
25 http 401 http://registry.cnpmjs.org/-/user/org.couchdb.user:kmend/-rev/undefined
26 verbose headers { server: 'nginx/1.4.6 (Ubuntu)',
26 verbose headers   date: 'Mon, 17 Oct 2016 08:31:46 GMT',
26 verbose headers   'content-type': 'application/json; charset=utf-8',
26 verbose headers   'content-length': '47',
26 verbose headers   connection: 'keep-alive',
26 verbose headers   'x-current-requests': '1',
26 verbose headers   'x-readtime': '20' }
27 verbose request invalidating /Users/chenqiao/.npm/registry.cnpmjs.org/-/user/org.couchdb.user_3Akmend on PUT
28 verbose adduser back [ { [Error: unauthorized Login first: -/user/org.couchdb.user:kmend/-rev/undefined] statusCode: 401, code: 'E401' },
28 verbose adduser   { error: 'unauthorized', reason: 'Login first' },
28 verbose adduser   '{"error":"unauthorized","reason":"Login first"}' ]
29 warn adduser Incorrect username or password
29 warn adduser You can reset your account by visiting:
29 warn adduser
29 warn adduser     https://npmjs.org/forgot
30 verbose stack Error: unauthorized Login first: -/user/org.couchdb.user:kmend/-rev/undefined
30 verbose stack     at makeError (/usr/local/lib/node_modules/npm/node_modules/npm-registry-client/lib/request.js:264:12)
30 verbose stack     at CachingRegistryClient.<anonymous> (/usr/local/lib/node_modules/npm/node_modules/npm-registry-client/lib/request.js:252:14)
30 verbose stack     at Request._callback (/usr/local/lib/node_modules/npm/node_modules/npm-registry-client/lib/request.js:172:14)
30 verbose stack     at Request.self.callback (/usr/local/lib/node_modules/npm/node_modules/request/request.js:200:22)
30 verbose stack     at emitTwo (events.js:87:13)
30 verbose stack     at Request.emit (events.js:172:7)
30 verbose stack     at Request.<anonymous> (/usr/local/lib/node_modules/npm/node_modules/request/request.js:1067:10)
30 verbose stack     at emitOne (events.js:82:20)
30 verbose stack     at Request.emit (events.js:169:7)
30 verbose stack     at IncomingMessage.<anonymous> (/usr/local/lib/node_modules/npm/node_modules/request/request.js:988:12)
31 verbose statusCode 401
32 verbose cwd /GHome/Github/react-native-md5
33 error Darwin 15.6.0
34 error argv "/usr/local/bin/node" "/usr/local/bin/npm" "adduser"
35 error node v4.5.0
36 error npm  v2.15.9
37 error code E401
38 error unauthorized Login first: -/user/org.couchdb.user:kmend/-rev/undefined
39 error If you need help, you may report this error at:
39 error     <https://github.com/npm/npm/issues>
40 verbose exit [ 1, true ]
